<?xml version="1.0" encoding="UTF-8"?>
<!-- Generated by org.testng.reporters.JUnitReportReporter -->
<testsuite hostname="DivyaReddy" failures="0" tests="11" name="testcases.JobTest" time="85.679" errors="1" timestamp="2023-09-25T19:23:12 IST" skipped="10">
  <testcase classname="testcases.JobTest" name="setup" time="85.679">
    <error message="null value in entry: url=null" type="java.lang.NullPointerException">
      <![CDATA[java.lang.NullPointerException: null value in entry: url=null
at com.google.common.collect.CollectPreconditions.checkEntryNotNull(CollectPreconditions.java:33)
at com.google.common.collect.SingletonImmutableBiMap.<init>(SingletonImmutableBiMap.java:43)
at com.google.common.collect.ImmutableBiMap.of(ImmutableBiMap.java:81)
at com.google.common.collect.ImmutableMap.of(ImmutableMap.java:128)
at org.openqa.selenium.remote.DriverCommand.GET(DriverCommand.java:187)
at org.openqa.selenium.remote.RemoteWebDriver.get(RemoteWebDriver.java:297)
at methods.Base.launchApp(Base.java:44)
at testcases.JobTest.setup(JobTest.java:35)
at java.base/jdk.internal.reflect.NativeMethodAccessorImpl.invoke0(Native Method)
at java.base/jdk.internal.reflect.NativeMethodAccessorImpl.invoke(NativeMethodAccessorImpl.java:77)
at java.base/jdk.internal.reflect.DelegatingMethodAccessorImpl.invoke(DelegatingMethodAccessorImpl.java:43)
at java.base/java.lang.reflect.Method.invoke(Method.java:568)
at org.testng.internal.MethodInvocationHelper.invokeMethod(MethodInvocationHelper.java:133)
at org.testng.internal.MethodInvocationHelper.invokeMethodConsideringTimeout(MethodInvocationHelper.java:62)
at org.testng.internal.ConfigInvoker.invokeConfigurationMethod(ConfigInvoker.java:385)
at org.testng.internal.ConfigInvoker.invokeConfigurations(ConfigInvoker.java:321)
at org.testng.TestRunner.invokeTestConfigurations(TestRunner.java:637)
at org.testng.TestRunner.beforeRun(TestRunner.java:627)
at org.testng.TestRunner.run(TestRunner.java:589)
at org.testng.SuiteRunner.runTest(SuiteRunner.java:377)
at org.testng.SuiteRunner.runSequentially(SuiteRunner.java:371)
at org.testng.SuiteRunner.privateRun(SuiteRunner.java:332)
at org.testng.SuiteRunner.run(SuiteRunner.java:276)
at org.testng.SuiteRunnerWorker.runSuite(SuiteRunnerWorker.java:53)
at org.testng.SuiteRunnerWorker.run(SuiteRunnerWorker.java:96)
at org.testng.TestNG.runSuitesSequentially(TestNG.java:1212)
at org.testng.TestNG.runSuitesLocally(TestNG.java:1134)
at org.testng.TestNG.runSuites(TestNG.java:1063)
at org.testng.TestNG.run(TestNG.java:1031)
at org.testng.remote.AbstractRemoteTestNG.run(AbstractRemoteTestNG.java:115)
at org.testng.remote.RemoteTestNG.initAndRun(RemoteTestNG.java:251)
at org.testng.remote.RemoteTestNG.main(RemoteTestNG.java:77)
]]>
    </error>
  </testcase> <!-- setup -->
  <system-out>
    <![CDATA[=====Browser Session Started=====]]>
  </system-out>
  <testcase classname="testcases.JobTest" name="changeJobDetails" time="0.000">
    <skipped/>
  </testcase> <!-- changeJobDetails -->
  <system-out/>
  <testcase classname="testcases.JobTest" name="addEmploymentContractDetailsUnderJob" time="0.000">
    <skipped/>
  </testcase> <!-- addEmploymentContractDetailsUnderJob -->
  <system-out/>
  <testcase classname="testcases.JobTest" name="addEmploymentContractDetailsWhenContractStartDateGreaterThanEndDate" time="0.000">
    <skipped/>
  </testcase> <!-- addEmploymentContractDetailsWhenContractStartDateGreaterThanEndDate -->
  <system-out/>
  <testcase classname="testcases.JobTest" name="replaceExistingEmploymentContractDetailsFile" time="0.000">
    <skipped/>
  </testcase> <!-- replaceExistingEmploymentContractDetailsFile -->
  <system-out/>
  <testcase classname="testcases.JobTest" name="deleteExistingEmploymentContractDetailsFile" time="0.000">
    <skipped/>
  </testcase> <!-- deleteExistingEmploymentContractDetailsFile -->
  <system-out/>
  <testcase classname="testcases.JobTest" name="terminateEmployment" time="0.000">
    <skipped/>
  </testcase> <!-- terminateEmployment -->
  <system-out/>
  <testcase classname="testcases.JobTest" name="activateEmployment" time="0.000">
    <skipped/>
  </testcase> <!-- activateEmployment -->
  <system-out/>
  <testcase classname="testcases.JobTest" name="addAttachmentUnderJob" time="0.000">
    <skipped/>
  </testcase> <!-- addAttachmentUnderJob -->
  <system-out/>
  <testcase classname="testcases.JobTest" name="deleteExistingAttachmentUnderJobByCheckbox" time="0.000">
    <skipped/>
  </testcase> <!-- deleteExistingAttachmentUnderJobByCheckbox -->
  <system-out/>
  <testcase classname="testcases.JobTest" name="downloadExistingAttachmentUnderImmigrationRecord" time="0.000">
    <skipped/>
  </testcase> <!-- downloadExistingAttachmentUnderImmigrationRecord -->
  <system-out/>
</testsuite> <!-- testcases.JobTest -->
